[3. Ekphrastic] | 2024 | https://joylandpublishing.com/fiction/3-ekphrastic/
A Day Is So Sweet | 2025 | //duckduckgo.com/l/?uddg=https://www.instagram.com/p/DHrDSiaOHc6/&rut=de89b54907b204f5c0fabafd47e721404680b6225b18ee011252cb4e1cc2d80f
A Flat Place | 2024 | https://joylandpublishing.com/fiction/a-flat-place/
A Good Day | 2025 | https://joylandpublishing.com/fiction/a-good-day/
A Good First Marriage is Luck | 2024 | https://joylandpublishing.com/fiction/a-good-first-marriage-is-luck/
A Mild Irreversible Form of Enlightenment | 2024 | https://yalereview.org/article/anna-deforest-mild-irreversible-form
A Place to Pray | 2025 | https://www.vqronline.org/spring-2025/fiction/place-pray
A Recessive Trait | 2024 | //duckduckgo.com/l/?uddg=https://joylandpublishing.com/archive/volume-xiv-2024/&rut=bf3a5d8019cc593f243603621668063410936132fd9c7e640d86b7a77cd6ff5c
A River Then the Road | 2024 | https://joylandpublishing.com/fiction/a-river-then-the-road/
A Star in the Book of Liars | 2025 | https://joylandpublishing.com/fiction/a-star-in-the-book-of-liars/
A Supposedly Close Friend I Might Never See Again | 2025 | https://joylandpublishing.com/fiction/a-supposedly-close-friend-i-might-never-see-again/
A Trip to the Country | 2024 | https://yalereview.org/article/lisa-russ-spaar-country
A Woman I Once Knew | 2024 | https://joylandpublishing.com/fiction/a-woman-i-once-knew/
Adrift in the South | 2024 | https://joylandpublishing.com/fiction/adrift-in-the-south/
Aishwarya Rai | 2024 | https://joylandpublishing.com/fiction/aishwarya-rai/
Alger, le cri | 2025 | https://yalereview.org/article/alger-le-cri
All Being Well | 2025 | https://joylandpublishing.com/fiction/all-being-well/
All Fours | 2024 | https://joylandpublishing.com/fiction/all-fours/
An Aesthetic Inquiry | 2025 | https://joylandpublishing.com/fiction/an-aesthetic-inquiry/
An Angel Passed Above Us | 2025 | https://yalereview.org/article/krasznahorkai-angel-passed-above-us
An Eye and a Leg | 2025 | https://joylandpublishing.com/fiction/an-eye-and-a-leg/
An Eye in the Throat by Samanta Schweblin, translated by Megan McDowell | 2024 | https://www.theparisreview.org/fiction/8257/an-eye-in-the-throat-samanta-schweblin
An Introduction to the Works of S.L. | 2025 | https://yalereview.org/article/introduction-works-sl
Ana and the Water | 2025 | https://yalereview.org/article/ana-and-water
Ancestors | 2025 | https://joylandpublishing.com/fiction/ancestors/
And Of The Son | 2024 | https://joylandpublishing.com/fiction/and-of-the-son/
And That’s How I Became a Woman | 2024 | https://joylandpublishing.com/fiction/and-thats-how-i-became-a-woman/
Anthropophagi | 2025 | https://yalereview.org/article/anthropophagi
Appendix | 2025 | https://joylandpublishing.com/fiction/appendix/
Armance | 2024 | https://joylandpublishing.com/fiction/armance/
As They Laid Down Their Cables | 2024 | https://joylandpublishing.com/fiction/as-they-laid-down-their-cables/
At me and beautiful problems | 2024 | https://joylandpublishing.com/fiction/at-me-and-beautiful-problems/
Badlands | 2025 | https://joylandpublishing.com/fiction/badlands/
Bed of Nails | 2024 | https://joylandpublishing.com/fiction/bed-of-nails/
Benoît | 2025 | https://joylandpublishing.com/fiction/benoît/
Birds | 2024 | https://joylandpublishing.com/fiction/birds/
Birds | 2024 | https://yalereview.org/article/sarah-blackman-birds
Birthday | 2025 | https://yalereview.org/article/birthday
Bitter North | 2024 | https://joylandpublishing.com/fiction/bitter-north/
black pain redux | 2025 | https://yalereview.org/article/jasmine-lee-jones-black-pain-redux
Black Pig Hair, White Pig Hair | 2024 | https://joylandpublishing.com/fiction/black-pig-hair-white-pig-hair/
Blanca | 2025 | https://yalereview.org/article/blanca
Bombed in Beirut | 2025 | https://joylandpublishing.com/fiction/bombed-in-beirut/
Books of the Year 2024 | 2024 | https://joylandpublishing.com/fiction/books-of-the-year-2024/
Brat | 2024 | https://joylandpublishing.com/fiction/brat/
Breathing Exercise | 2025 | https://yalereview.org/article/breathing-exercise
Burning Mao | 2025 | https://joylandpublishing.com/fiction/burning-mao/
Buttermilk and Liverwurst | 2024 | https://joylandpublishing.com/fiction/buttermilk-and-liverwurst/
Bystander | 2025 | https://yalereview.org/article/jamel-brinkley-bystander
Call Martini | 2025 | https://yalereview.org/article/charlton-call-martini
Carousel | 2025 | https://joylandpublishing.com/fiction/carousel/
Catch and Release | 2024 | https://joylandpublishing.com/fiction/catch-and-release/
Cell Phone | 2025 | https://joylandpublishing.com/fiction/cell-phone/
Champion | 2025 | https://joylandpublishing.com/fiction/champion/
Chicken Crazy | 2024 | https://joylandpublishing.com/fiction/chicken-crazy/
China Time | 2024 | https://joylandpublishing.com/fiction/china-time/
Colonial Conditions | 2025 | https://yalereview.org/article/brandon-taylor-fiction-colonial-conditions
Concerning the Future of Souls by Joy Williams | 2024 | https://www.theparisreview.org/fiction/8252/concerning-the-future-of-souls-joy-williams
Constellations | 2025 | https://joylandpublishing.com/fiction/constellations/
Corner Shops and Bossman | 2025 | https://joylandpublishing.com/fiction/corner-shops-and-bossman/
Crab Sticks and Lobster Rolls | 2025 | https://joylandpublishing.com/fiction/crab-sticks-and-lobster-rolls/
Cracked Plate | 2024 | https://joylandpublishing.com/fiction/cracked-plate/
Crossings | 2025 | https://yalereview.org/article/bryan-washington-crossings
Cult | 2024 | https://joylandpublishing.com/fiction/cult/
Cumulus | 2025 | https://yalereview.org/article/agnes-lidbeck-cumulus
C’mon Billy | 2025 | https://joylandpublishing.com/fiction/cmon-billy/
David Attenborough | 2024 | https://joylandpublishing.com/fiction/david-attenborough/
Dead Friends | 2025 | https://joylandpublishing.com/fiction/dead-friends/
Death by GPS | 2024 | https://joylandpublishing.com/fiction/death-by-gps/
Death to Books | 2024 | https://joylandpublishing.com/fiction/death-to-books/
Derrida in Lahore by Julien Columeau, translated by Sana R.  Chaudhry | 2024 | https://www.theparisreview.org/fiction/8254/derrida-in-lahore-julien-columeau
Descend | 2025 | https://joylandpublishing.com/fiction/descend/
Diane | 2024 | https://joylandpublishing.com/fiction/diane/
Dispatch from Kyiv | 2024 | https://joylandpublishing.com/fiction/dispatch-from-kyiv/
Dite | 2024 | https://joylandpublishing.com/fiction/dite/
Do You Know Alex Oreille | 2025 | https://yalereview.org/article/do-you-know-alex-oreille
Doing the Work | 2024 | https://joylandpublishing.com/fiction/doing-the-work/
Dr. Rombach's Daughter | 2025 | https://yalereview.org/article/susan-taubes-dr-rombachs-daughter
Drone Wars for Mexico’s Gold Mountains | 2024 | https://joylandpublishing.com/fiction/drone-wars-for-mexicos-gold-mountains/
Drones and Decolonization | 2025 | https://joylandpublishing.com/fiction/drones-and-decolonization/
Duty | 2024 | https://joylandpublishing.com/fiction/duty/
Ecce Senex: Stephen James Joyce | 2024 | https://joylandpublishing.com/fiction/ecce-senex-stephen-james-joyce/
Embrace | 2024 | https://joylandpublishing.com/fiction/embrace/
Ending it in Turn | 2025 | https://joylandpublishing.com/fiction/ending-it-in-turn/
England’s Other Island | 2025 | https://joylandpublishing.com/fiction/englands-other-island/
Events Ashore | 2025 | https://joylandpublishing.com/fiction/events-ashore/
Everything I Haven’t Done by Morgan Thomas | 2024 | https://www.theparisreview.org/fiction/8326/everything-i-havent-done-morgan-thomas
Exile’s Letter | 2025 | https://joylandpublishing.com/fiction/exiles-letter/
Export-Import | 2025 | https://joylandpublishing.com/fiction/export-import/
Fast by the Horns | 2025 | https://joylandpublishing.com/fiction/fast-by-the-horns/
Feminisms | 2024 | https://joylandpublishing.com/fiction/feminisms/
Five O’Clock Somewhere | 2024 | https://joylandpublishing.com/fiction/five-oclock-somewhere/
Five Poems | 2025 | https://joylandpublishing.com/fiction/five-poems/
Flesh | 2025 | https://joylandpublishing.com/fiction/flesh/
For Pessoa and My Cows Arrive | 2024 | https://joylandpublishing.com/fiction/for-pessoa-and-my-cows-arrive/
Foreigner | 2025 | https://yalereview.org/article/cristina-rivera-garza-foreigner
Four Poems | 2025 | https://joylandpublishing.com/fiction/four-poems/
Four Stories | 2025 | https://joylandpublishing.com/fiction/four-stories/
Friends | 2025 | https://joylandpublishing.com/fiction/friends/
From Zanzibar to Marbach | 2024 | https://joylandpublishing.com/fiction/from-zanzibar-to-marbach/
FromPerverts | 2025 | https://joylandpublishing.com/fiction/fromperverts/
Generation Gap | 2024 | https://joylandpublishing.com/fiction/generation-gap/
Gettysburg | 2024 | https://joylandpublishing.com/fiction/gettysburg/
Ghost Story | 2025 | https://joylandpublishing.com/fiction/ghost-story/
Gian | 2025 | https://joylandpublishing.com/fiction/gian/
GJ | 2025 | https://joylandpublishing.com/fiction/gj/
Gold Fever in the Coup Belt: The Mines of Mauritania | 2024 | https://joylandpublishing.com/fiction/gold-fever-in-the-coup-belt-the-mines-of-mauritania/
Goodbye, Bridge of the East | 2024 | https://joylandpublishing.com/fiction/goodbye-bridge-of-the-east/
Grand Openings | 2025 | https://yalereview.org/article/varela-grand-openings
Grandma | 2025 | https://yalereview.org/article/grandma
Groan | 2025 | https://joylandpublishing.com/fiction/groan/
Hai Shan Swimming Pool | 2024 | https://joylandpublishing.com/fiction/hai-shan-swimming-pool/
Hangman | 2025 | https://yalereview.org/article/samantha-hunt-hangman
Happy Ending | 2025 | https://joylandpublishing.com/fiction/happy-ending/
Here I Will Have Been | 2025 | https://yalereview.org/article/here-i-will-have-been
Honeymoon | 2024 | https://joylandpublishing.com/fiction/honeymoon/
How Asians Spend the Night Before Dawn | 2024 | https://joylandpublishing.com/fiction/how-asians-spend-the-night-before-dawn/
Hunter | 2024 | https://joylandpublishing.com/fiction/hunter/
Husband and Wife During the Nightly News | 2025 | https://yalereview.org/article/husband-and-wife-during-nightly-news
I Can See Your House from Here | 2025 | https://yalereview.org/article/i-can-see-your-house-here
Images of Women | 2025 | https://joylandpublishing.com/fiction/images-of-women/
Impossible Referrals | 2025 | https://joylandpublishing.com/fiction/impossible-referrals/
In Conversation | 2024 | https://joylandpublishing.com/fiction/in-conversation/
In Her Room | 2025 | https://joylandpublishing.com/fiction/in-her-room/
In Medias Res | 2025 | https://yalereview.org/article/percival-everett-in-medias-res
In the Maid’s Room | 2025 | https://yalereview.org/article/caleb-crain-maids-room
Information Age | 2025 | https://yalereview.org/article/cora-lewis-information-age
Internal Affairs | 2024 | https://joylandpublishing.com/fiction/internal-affairs/
International Soul Cultist | 2025 | https://joylandpublishing.com/fiction/international-soul-cultist/
Interview | 2024 | https://joylandpublishing.com/fiction/interview/
Interview | Thomas Ruff | 2025 | https://joylandpublishing.com/fiction/interview-thomas-ruff/
Into the Light | 2025 | https://yalereview.org/article/rachel-cusk-into-the-light
Introduction | 2024 | https://joylandpublishing.com/fiction/introduction/
Isabel | 2024 | https://joylandpublishing.com/fiction/isabel/
It Is Decidedly So | 2024 | https://joylandpublishing.com/fiction/it-is-decidedly-so/
J.J. FTW | 2025 | https://yalereview.org/article/jj-ftw
Jana Dives | 2025 | https://yalereview.org/article/tsitsi-dangarembga-jana-dives
John Cena | 2025 | https://joylandpublishing.com/fiction/john-cena/
Junk | 2025 | https://yalereview.org/article/junk-jenny-erpenbeck
Just Girls | 2025 | https://joylandpublishing.com/fiction/just-girls/
Keep Up | 2025 | https://joylandpublishing.com/fiction/keep-up/
Killing Stella | 2025 | https://joylandpublishing.com/fiction/killing-stella/
Kings Of Cool Crest | 2024 | https://joylandpublishing.com/fiction/kings-of-cool-crest/
Last Time We Spoke | 2024 | https://yalereview.org/article/lydi-conklin-last-time-we-spoke
Les Comètes | 2025 | https://yalereview.org/article/les-comètes
Life Elsewhere | 2025 | https://yalereview.org/article/guadalupe-nettel-life-elsewhere
Lifetimes of the Soviet Union | 2024 | https://joylandpublishing.com/fiction/lifetimes-of-the-soviet-union/
Lili Is Crying | 2025 | https://yalereview.org/article/briggs-bessette-lili-crying-translation
Lin Yan | 2024 | https://joylandpublishing.com/fiction/lin-yan/
Literature Without Literature | 2024 | https://joylandpublishing.com/fiction/literature-without-literature/
Los Angeles, Indiana | 2025 | https://joylandpublishing.com/fiction/los-angeles-indiana/
Lover | 2025 | https://joylandpublishing.com/fiction/lover/
Lovers’ Quarrel | 2024 | https://joylandpublishing.com/fiction/lovers-quarrel/
Lufthansa | 2025 | https://yalereview.org/article/lufthansa
Lígia | 2024 | https://joylandpublishing.com/fiction/lígia/
Malandrino | 2025 | https://joylandpublishing.com/fiction/malandrino/
Man Overboard | 2025 | https://yalereview.org/article/man-overboard
March 2025 | 2025 | https://joylandpublishing.com/fiction/march-2025/
Margot’s Run | 2025 | https://joylandpublishing.com/fiction/margots-run/
Mark Cawson Lives | 2025 | https://joylandpublishing.com/fiction/mark-cawson-lives/
Massachusetts | 2025 | https://yalereview.org/article/massachusetts
McDoone | 2025 | https://joylandpublishing.com/fiction/mcdoone/
Messengers | 2025 | https://yalereview.org/article/karen-bender-messengers-story
Miss Siti Mustika | 2025 | https://joylandpublishing.com/fiction/miss-siti-mustika/
Mister Durand | 2024 | https://yalereview.org/article/deirdre-madden-mister-durand
Monkey Army | 2024 | https://joylandpublishing.com/fiction/monkey-army/
Moon | 2024 | https://joylandpublishing.com/fiction/moon/
Mothers Not Appearing in Search | 2025 | https://joylandpublishing.com/fiction/mothers-not-appearing-in-search/
Mr. Crime and Punishment and War and Peace | 2025 | https://yalereview.org/article/mr-crime-and-punishment-and-war-and-peace
Mucker Play | 2025 | https://joylandpublishing.com/fiction/mucker-play/
My First Husband | 2025 | https://joylandpublishing.com/fiction/my-first-husband/
My Poor Parents | 2025 | https://joylandpublishing.com/fiction/my-poor-parents/
My Spiritual Evolution | 2024 | https://joylandpublishing.com/fiction/my-spiritual-evolution/
Myrtle Beach | 2024 | https://yalereview.org/article/leanne-shapton-myrtle-beach
Naming Joan Custard | 2025 | https://yalereview.org/article/shapton-heti-naming-joan-custard
Nearly White Girl Girling on Behalf of Sonic Fluency | 2024 | https://joylandpublishing.com/fiction/nearly-white-girl-girling-on-behalf-of-sonic-fluency/
Nettle Tea | 2024 | https://joylandpublishing.com/fiction/nettle-tea/
Never Again Crazy Like Wei Hui | 2025 | https://joylandpublishing.com/fiction/never-again-crazy-like-wei-hui/
New Kindness Hatching | 2024 | https://joylandpublishing.com/fiction/new-kindness-hatching/
New Year’s By the Sea, Spinning Top and Cup | 2024 | https://joylandpublishing.com/fiction/new-years-by-the-sea-spinning-top-and-cup/
New Year’s Story | 2025 | https://yalereview.org/article/sigrid-nunez-new-years-story
Niamey Nights | 2024 | https://joylandpublishing.com/fiction/niamey-nights/
Not a River | 2024 | https://joylandpublishing.com/fiction/not-a-river/
Note to Self & Gentle Rain | 2025 | https://joylandpublishing.com/fiction/note-to-self-gentle-rain/
Notes on Craft | 2024 | https://joylandpublishing.com/fiction/notes-on-craft/
Nothing New Here | 2025 | https://joylandpublishing.com/fiction/nothing-new-here/
Nowhere | 2025 | https://joylandpublishing.com/fiction/nowhere/
Oath | 2024 | https://yalereview.org/article/leanne-shapton-oath
Obituary of a Soft Porn Translator | 2025 | https://joylandpublishing.com/fiction/obituary-of-a-soft-porn-translator/
Ocean Hotpot | 2025 | https://joylandpublishing.com/fiction/ocean-hotpot/
On Boredom | 2024 | https://joylandpublishing.com/fiction/on-boredom/
On Sugarland: A Play | 2025 | https://yalereview.org/article/aleshea-harris-on-sugarland-play-excerpt
One Small Thing | 2025 | https://yalereview.org/article/one-small-thing
Paper People | 2024 | https://joylandpublishing.com/fiction/paper-people/
Passengers on the Night Train by Rodolfo Enrique Fogwill, translated by Will Vanderhyden | 2024 | https://www.theparisreview.org/fiction/8304/passengers-on-the-night-train-rodolfo-enrique-fogwill
Paternal Leave | 2024 | https://yalereview.org/article/caroline-gioiosa-paternal-leave
Pax Domestica | 2024 | https://joylandpublishing.com/fiction/pax-domestica/
Penultimate Activities | 2025 | https://yalereview.org/article/alejandro-zambra-penultimate-activities
People in the Grasses | 2025 | https://yalereview.org/article/renee-gladman-people-grasses-fiction
Perfection | 2024 | https://joylandpublishing.com/fiction/perfection/
Picun | 2024 | https://joylandpublishing.com/fiction/picun/
Ping-Pong Kids by Renny Gong | 2025 | https://www.theparisreview.org/fiction/8434/ping-pong-kids-renny-gong
Piranhas and Us | 2024 | https://joylandpublishing.com/fiction/piranhas-and-us/
Pirates | 2025 | https://yalereview.org/article/kristen-arnett-pirates
Playground Girls | 2025 | https://joylandpublishing.com/fiction/playground-girls/
Playing Dead & On Haunting | 2025 | https://joylandpublishing.com/fiction/playing-dead-on-haunting/
Podcast | Alan Hollinghurst | 2024 | https://joylandpublishing.com/fiction/podcast-alan-hollinghurst/
Podcast | Allen Bratton | 2024 | https://joylandpublishing.com/fiction/podcast-allen-bratton/
Podcast | Andrew O’Hagan | 2024 | https://joylandpublishing.com/fiction/podcast-andrew-ohagan/
Podcast | Benjamin Kunkel | 2024 | https://joylandpublishing.com/fiction/podcast-benjamin-kunkel/
Podcast | Brandon Taylor | 2024 | https://joylandpublishing.com/fiction/podcast-brandon-taylor/
Podcast | Declan Ryan | 2025 | https://joylandpublishing.com/fiction/podcast-declan-ryan/
Podcast | Diane Williams | 2025 | https://joylandpublishing.com/fiction/podcast-diane-williams/
Podcast | Lauren Oyler | 2024 | https://joylandpublishing.com/fiction/podcast-lauren-oyler/
Podcast | Nico Walker | 2025 | https://joylandpublishing.com/fiction/podcast-nico-walker/
Podcast | Rachel Kushner | 2024 | https://joylandpublishing.com/fiction/podcast-rachel-kushner/
Podcast | Sheila Heti | 2024 | https://joylandpublishing.com/fiction/podcast-sheila-heti/
Podcast | Susie Boyt | 2025 | https://joylandpublishing.com/fiction/podcast-susie-boyt/
Podcast | Tao Lin | 2025 | https://joylandpublishing.com/fiction/podcast-tao-lin/
Podcast | Wang Xiaoshuai | 2025 | https://joylandpublishing.com/fiction/podcast-wang-xiaoshuai/
Posterity | 2025 | https://joylandpublishing.com/fiction/posterity/
Power Metals | 2024 | https://joylandpublishing.com/fiction/power-metals/
Prairie Dogs | 2024 | https://joylandpublishing.com/fiction/prairie-dogs/
Private View | 2024 | https://joylandpublishing.com/fiction/private-view/
Process | 2025 | https://yalereview.org/article/katherine-dunn-process
Proper Country | 2024 | https://joylandpublishing.com/fiction/proper-country/
Property | 2025 | https://yalereview.org/article/property
Real Tennis | 2025 | https://joylandpublishing.com/fiction/real-tennis/
Regular Visitors | 2025 | https://yalereview.org/article/monica-ferrell-regular-visitors
Remission | 2025 | https://joylandpublishing.com/fiction/remission/
Repetition | 2024 | https://joylandpublishing.com/fiction/repetition/
Retrieval | 2025 | https://joylandpublishing.com/fiction/retrieval/
Ricks & Hern | 2024 | https://joylandpublishing.com/fiction/ricks-hern/
Ride or Die | 2025 | https://joylandpublishing.com/fiction/ride-or-die/
Rosaura at Dawn | 2024 | https://yalereview.org/article/daniel-saldaña-parís-rosaura-at-dawn
Round One | 2025 | https://joylandpublishing.com/fiction/round-one/
Rural Hours | 2025 | https://joylandpublishing.com/fiction/rural-hours/
Sakraman | 2024 | https://joylandpublishing.com/fiction/sakraman/
Sanctuary | 2024 | https://yalereview.org/article/danielle-mclaughlin-sanctuary
Save the Pedestals | 2025 | https://yalereview.org/article/save-pedestals
Self-Similar | 2025 | https://yalereview.org/article/self-similar
Severalls | 2024 | https://joylandpublishing.com/fiction/severalls/
Sheila Heti Reads from "Les Comètes" | 2025 | https://yalereview.org/article/sheila-heti-reads-from-les-comètes
Shooting Stars in Your Black Hair | 2024 | https://joylandpublishing.com/fiction/shooting-stars-in-your-black-hair/
Short Swoop, Long Line | 2025 | https://yalereview.org/article/short-swoop-long-line
Shot in the 1960s, Printed Yesterday | 2024 | https://joylandpublishing.com/fiction/shot-in-the-1960s-printed-yesterday/
Sidney | 2024 | https://joylandpublishing.com/fiction/sidney/
Silas Lucas | 2024 | https://joylandpublishing.com/fiction/silas-lucas/
Sinking Town | 2024 | https://joylandpublishing.com/fiction/sinking-town/
Sleepova | 2025 | https://yalereview.org/article/matilda-feyiṣayọ-ibini-sleepova
small life | 2025 | https://yalereview.org/article/dionne-brand-small-life-fiction
So Long | 2025 | https://yalereview.org/article/so-long
Social Promotion by Elijah Bailey | 2024 | https://www.theparisreview.org/fiction/8258/social-promotion-elijah-bailey
Solo Poly | 2024 | https://joylandpublishing.com/fiction/solo-poly/
Some Agonies Over and Over | 2025 | https://yalereview.org/article/some-agonies-over-and-over
Something Happened | 2024 | https://joylandpublishing.com/fiction/something-happened/
Song of the Bicycle and the Fence and Greenland | 2024 | https://joylandpublishing.com/fiction/song-of-the-bicycle-and-the-fence-and-greenland/
Sounds of Woe | 2025 | https://yalereview.org/article/sounds-of-woe
Soup | 2025 | https://joylandpublishing.com/fiction/soup/
Spam for President | 2025 | https://joylandpublishing.com/fiction/spam-for-president/
Speedwell | 2024 | https://joylandpublishing.com/fiction/speedwell/
Stalin, Lenin, Robespierre | 2024 | https://joylandpublishing.com/fiction/stalin-lenin-robespierre/
Stalking | 2025 | https://yalereview.org/article/stalking
Strange Relations | 2025 | https://joylandpublishing.com/fiction/strange-relations/
Subaqueous | 2025 | https://yalereview.org/article/subaqueous
Summer Reads 2025 | 2025 | https://joylandpublishing.com/fiction/summer-reads-2025/
Take Me Out to the Ball Game | 2024 | https://joylandpublishing.com/fiction/take-me-out-to-the-ball-game/
Tea in the Sahara | 2025 | https://joylandpublishing.com/fiction/tea-in-the-sahara/
The Accursed Mountains | 2024 | https://joylandpublishing.com/fiction/the-accursed-mountains/
The Alternatives | 2024 | https://joylandpublishing.com/fiction/the-alternatives/
The Artist as Aficionado | 2025 | https://joylandpublishing.com/fiction/the-artist-as-aficionado/
The Attaché’s Wife | 2024 | https://joylandpublishing.com/fiction/the-attachés-wife/
The Beautiful Salmon by Joanna Kavenna | 2024 | https://www.theparisreview.org/fiction/8253/the-beautiful-salmon-joanna-kavenna
The Blessing of Kali | 2025 | https://yalereview.org/article/blessing-kali
The Borrowed Hills | 2025 | https://joylandpublishing.com/fiction/the-borrowed-hills/
The Boy, the Girls, the Dog, and I Was There | 2025 | https://yalereview.org/article/canisia-lubrin-boy-girls-dog
The Cage | 2025 | https://joylandpublishing.com/fiction/the-cage/
The Civilian Level | 2024 | https://joylandpublishing.com/fiction/the-civilian-level/
The Conservation of Mass: On Resomation | 2025 | https://joylandpublishing.com/fiction/the-conservation-of-mass-on-resomation/
The Cottage | 2025 | https://joylandpublishing.com/fiction/the-cottage/
The Dance | 2025 | https://joylandpublishing.com/fiction/the-dance/
The Darién Gap | 2024 | https://joylandpublishing.com/fiction/the-darién-gap/
The Dead Revolution and the Living Page | 2025 | https://joylandpublishing.com/fiction/the-dead-revolution-and-the-living-page/
The Desert Song | 2025 | https://granta.com/wp-content/uploads/2025/07/Desert-Song-3.m4a
The Devil’s Son | 2024 | https://joylandpublishing.com/fiction/the-devils-son/
The Edge of the Lake | 2025 | https://yalereview.org/article/scholastique-mukasonga-edge-of-the-lake
The Emcee Inquisition, Revisited | 2025 | https://yalereview.org/article/dominique-morisseau-emcee-inquisition-revisited
The Excitements of Spring | 2024 | https://joylandpublishing.com/fiction/the-excitements-of-spring/
The Extracted Earth | 2024 | https://joylandpublishing.com/fiction/the-extracted-earth/
The First Person | 2025 | https://joylandpublishing.com/fiction/the-first-person/
The Front House | 2025 | https://yalereview.org/article/cord-jefferson-front-house
The Full Package | 2024 | https://joylandpublishing.com/fiction/the-full-package/
The Ghost Coat | 2024 | https://joylandpublishing.com/fiction/the-ghost-coat/
The Glacier | 2025 | https://yalereview.org/article/novey-fiction-the-glacier
The Hearts of Our Enemies | 2025 | https://yalereview.org/article/hearts-our-enemies
The Hermit | 2025 | https://yalereview.org/article/nami-mun-fiction
The Hundred Flowers Project | 2024 | https://yalereview.org/article/christopher-chen-the-hundred-flowers-project
The Hurt Business | 2025 | https://joylandpublishing.com/fiction/the-hurt-business/
The Illumination of Santiago | 2025 | https://yalereview.org/article/nona-fernandez-illumination-santiago
The Informant | 2024 | https://www.vqronline.org/fiction-2024/fiction/informant
The Institute | 2025 | https://joylandpublishing.com/fiction/the-institute/
The Kings and Queens of Notting Dale | 2025 | https://yalereview.org/article/williams-kings-and-queens-of-notting-dale
The Ladder | 2025 | https://yalereview.org/article/ladder
The Last Freeminers of England | 2024 | https://joylandpublishing.com/fiction/the-last-freeminers-of-england/
The Leftie Sickle | 2024 | https://joylandpublishing.com/fiction/the-leftie-sickle/
The Legion | 2024 | https://joylandpublishing.com/fiction/the-legion/
The Life, Old Age and Death of a Woman of the People | 2024 | https://joylandpublishing.com/fiction/the-life-old-age-and-death-of-a-woman-of-the-people/
The Material | 2024 | https://joylandpublishing.com/fiction/the-material/
The Messiah of Cadoxton | 2024 | https://joylandpublishing.com/fiction/the-messiah-of-cadoxton/
The Millennial Mind | 2024 | https://joylandpublishing.com/fiction/the-millennial-mind/
The Museum Guard | 2024 | https://granta.com/the-museum-guard
The Museum Guard | 2024 | https://joylandpublishing.com/fiction/the-museum-guard/
The Narrow Café | 2025 | https://yalereview.org/article/narrow-cafe
The New Life | 2024 | https://joylandpublishing.com/fiction/the-new-life/
The One It Came All This Way For | 2024 | https://joylandpublishing.com/fiction/the-one-it-came-all-this-way-for/
The Other Girl | 2025 | https://joylandpublishing.com/fiction/the-other-girl/
The Pilot’s Instructions | 2025 | https://yalereview.org/article/pilots-instructions
The Piranhas | 2024 | https://joylandpublishing.com/fiction/the-piranhas/
The Pneuma Illusion | 2024 | https://joylandpublishing.com/fiction/the-pneuma-illusion/
The Postman | 2025 | https://yalereview.org/article/siphiwe-gloria-ndlovu-postman
The Prisoners on Alcatraz | 2025 | https://joylandpublishing.com/fiction/the-prisoners-on-alcatraz/
The Queen of Bark and Darkness | 2025 | https://yalereview.org/article/queen-bark-and-darkness
The Rabbit’s Foot | 2025 | https://yalereview.org/article/sigrid-nunez-rabbits-foot
The Rally | 2025 | https://yalereview.org/article/molly-dektar-the-rally
The Reason Why | 2025 | https://yalereview.org/article/yiyun-li-the-reason-why-fiction
The Rules of the Game | 2024 | https://joylandpublishing.com/fiction/the-rules-of-the-game/
The Secret Pattern | 2025 | https://joylandpublishing.com/fiction/the-secret-pattern/
The Sensitivity Reader | 2024 | https://joylandpublishing.com/fiction/the-sensitivity-reader/
The Shame Exchange | 2025 | https://yalereview.org/article/shame-exchange
The Shanda | 2025 | https://yalereview.org/article/sarah-bernstein-the-shanda
The Silver Pearl | 2025 | https://yalereview.org/article/silver-pearl
The Spirit Level | 2025 | https://joylandpublishing.com/fiction/the-spirit-level/
The Spread | 2024 | https://granta.com/the-spread-stacy-skolnik
The Spread | 2024 | https://joylandpublishing.com/fiction/the-spread/
The Suffering of Presence and Absence | 2025 | https://joylandpublishing.com/fiction/the-suffering-of-presence-and-absence/
The Translator | 2025 | https://joylandpublishing.com/fiction/the-translator/
The Trouble with Old Men | 2024 | https://joylandpublishing.com/fiction/the-trouble-with-old-men/
The True Depth of a Cave | 2024 | https://joylandpublishing.com/fiction/the-true-depth-of-a-cave/
The Virgin Suicides | 2025 | https://joylandpublishing.com/fiction/the-virgin-suicides/
The Weight of the Earth | 2024 | https://joylandpublishing.com/fiction/the-weight-of-the-earth/
The Woman Next Door | 2025 | https://yalereview.org/article/woman-next-door
The Brief Historyof the Nasser Dogs | 2024 | https://joylandpublishing.com/fiction/the-brief-historyof-the-nasser-dogs/
This Is What I Like | 2024 | https://yalereview.org/article/kathryn-scanlan-this-is-what-i-like
This Very Complicated Cast of Mind | 2025 | https://joylandpublishing.com/fiction/this-very-complicated-cast-of-mind/
Thomas, Tommy | 2025 | https://joylandpublishing.com/fiction/thomas-tommy/
Three Mukhatabat | 2024 | https://joylandpublishing.com/fiction/three-mukhatabat/
Three Poems | 2025 | https://joylandpublishing.com/fiction/three-poems/
Together | 2025 | https://joylandpublishing.com/fiction/together/
Tomorrow I’ll Get Past It | 2024 | https://joylandpublishing.com/fiction/tomorrow-ill-get-past-it/
Top Reads 2024 | Essays | 2024 | https://joylandpublishing.com/fiction/top-reads-2024-essays/
Top Reads 2024 | Fiction | 2024 | https://granta.com/top-reads-2024-fiction
Top Reads 2024 | Fiction | 2024 | https://joylandpublishing.com/fiction/top-reads-2024-fiction/
Top Reads 2024 | Poems | 2024 | https://joylandpublishing.com/fiction/top-reads-2024-poems/
Troubadour | 2025 | https://joylandpublishing.com/fiction/troubadour/
Trying Times | 2025 | https://joylandpublishing.com/fiction/trying-times/
Trying to Rejoin the Sun | 2025 | https://joylandpublishing.com/fiction/trying-to-rejoin-the-sun/
Twirl | 2024 | https://yalereview.org/article/aysegul-savas-twirl
Two Poems | 2024 | https://joylandpublishing.com/fiction/two-poems/
Universal Mother | 2024 | https://joylandpublishing.com/fiction/universal-mother/
Unruly Light | 2025 | https://joylandpublishing.com/fiction/unruly-light/
V.S. Naipaul: The Grief and the Glory | 2025 | https://joylandpublishing.com/fiction/vs-naipaul-the-grief-and-the-glory/
Valentine’s Day | 2024 | https://joylandpublishing.com/fiction/valentines-day/
Wagner in Africa | 2024 | https://joylandpublishing.com/fiction/wagner-in-africa/
Watching, Content & Colombia | 2025 | https://joylandpublishing.com/fiction/watching-content-colombia/
Welcome to the Club | 2025 | https://yalereview.org/article/samanta-schweblin-welcome-to-the-club
What Burns | 2024 | https://granta.com/what-burns
What Burns | 2024 | https://joylandpublishing.com/fiction/what-burns/
What the Germans Left Behind | 2024 | https://joylandpublishing.com/fiction/what-the-germans-left-behind/
When Rhinestones Star the Night and You Find Yourself Thinking Fondly of Dave Hickey | 2025 | https://joylandpublishing.com/fiction/when-rhinestones-star-the-night-and-you-find-yourself-thinking-fondly-of-dave-hickey/
Where the Language Changes | 2024 | https://joylandpublishing.com/fiction/where-the-language-changes/
Where They Always Meet | 2025 | https://yalereview.org/article/ikonomou-emmerich-they-always-meet
White Night | 2024 | https://joylandpublishing.com/fiction/white-night/
Why Did The Drowned Man Have Balled Fists? | 2025 | https://joylandpublishing.com/fiction/why-did-the-drowned-man-have-balled-fists/
Why Tether | 2025 | https://yalereview.org/article/why-tether-jen-silverman
Winner | 2025 | https://yalereview.org/article/ling-ma-winner-short-story
Winners | 2025 | https://yalereview.org/article/merritt-tierce-winners
Working Girls | 2024 | https://joylandpublishing.com/fiction/working-girls/
Working the Soil and the Cloud | 2024 | https://joylandpublishing.com/fiction/working-the-soil-and-the-cloud/
You Are the Product | 2024 | https://joylandpublishing.com/fiction/you-are-the-product/
You: A Short Play | 2025 | https://yalereview.org/article/julia-cho-you-short-play
You’re a Londoner | 2024 | https://joylandpublishing.com/fiction/youre-a-londoner/
Yr Dead | 2024 | https://joylandpublishing.com/fiction/yr-dead/
中国时间 | 2025 | https://joylandpublishing.com/fiction/中国时间/
